<testName name="Имя теста">
  <task>
    <question>Вопрос1</question>
    <answers>
      <variant0 accuracy="False"> Ответ1 </variant0>
      <variant1 accuracy="True"> Ответ2 </variant1>
    </answers>
  </task>
</testName>